1535295141467	geckodriver	INFO	geckodriver 0.20.1
1535295141475	geckodriver	INFO	Listening on 127.0.0.1:61357
1535295144727	mozrunner::runner	INFO	Running command: "C:\\Program Files\\Firefox Developer Edition\\firefox.exe" "-marionette" "-profile" "C:\\Users\\msys\\AppData\\Local\\Temp\\rust_mozprofile.VViHLZ22diOc"
1535295146341	addons.manager	DEBUG	Application has been upgraded
1535295146507	addons.manager	DEBUG	Loaded provider scope for resource://gre/modules/addons/XPIProvider.jsm: ["XPIProvider", "XPIInternal"]
1535295146518	addons.manager	DEBUG	Loaded provider scope for resource://gre/modules/LightweightThemeManager.jsm: ["LightweightThemeManager"]
1535295146571	addons.manager	DEBUG	Loaded provider scope for resource://gre/modules/addons/GMPProvider.jsm
1535295146574	addons.manager	DEBUG	Loaded provider scope for resource://gre/modules/addons/PluginProvider.jsm
1535295146574	addons.manager	DEBUG	Starting provider: XPIProvider
1535295146575	addons.xpi	DEBUG	startup
1535295146589	addons.xpi	INFO	SystemAddonLocation directory is missing
1535295146599	addons.xpi	INFO	Removing all system add-on upgrades.
1535295146599	addons.xpi	DEBUG	checkForChanges
1535295146600	addons.xpi	DEBUG	Loaded add-on state: ${}
1535295146600	addons.xpi	DEBUG	New add-on activity-stream@mozilla.org in app-system-defaults
1535295146632	addons.xpi	DEBUG	New add-on aushelper@mozilla.org in app-system-defaults
1535295146646	addons.xpi	DEBUG	New add-on firefox@getpocket.com in app-system-defaults
1535295146647	addons.xpi	DEBUG	New add-on formautofill@mozilla.org in app-system-defaults
1535295146657	addons.xpi	DEBUG	New add-on onboarding@mozilla.org in app-system-defaults
1535295146666	addons.xpi	DEBUG	New add-on screenshots@mozilla.org in app-system-defaults
1535295146676	addons.xpi	DEBUG	New add-on webcompat-reporter@mozilla.org in app-system-defaults
1535295146676	addons.xpi	DEBUG	New add-on webcompat@mozilla.org in app-system-defaults
1535295146677	addons.xpi	DEBUG	scanForChanges changed: true, state: {}
1535295146684	addons.xpi-utils	DEBUG	Error: Synchronously loading the add-ons database (resource://gre/modules/addons/XPIDatabase.jsm:1329:15) JS Stack trace: syncLoadDB@XPIDatabase.jsm:1329:15
checkForChanges@XPIProvider.jsm:2533:9
startup@XPIProvider.jsm:2116:25
callProvider@AddonManager.jsm:206:12
_startProvider@AddonManager.jsm:654:5
startup@AddonManager.jsm:813:9
startup@AddonManager.jsm:2811:5
observe@addonManager.js:66:9
1535295146685	addons.xpi-utils	DEBUG	Starting async load of XPI database C:\Users\msys\AppData\Local\Temp\rust_mozprofile.VViHLZ22diOc\extensions.json
1535295146789	addons.xpi-utils	DEBUG	New add-on activity-stream@mozilla.org installed in app-system-defaults
*** Blocklist::_preloadBlocklistFile: blocklist is disabled
1535295147508	addons.xpi-utils	DEBUG	New add-on aushelper@mozilla.org installed in app-system-defaults
1535295147530	addons.xpi-utils	DEBUG	New add-on firefox@getpocket.com installed in app-system-defaults
1535295147671	addons.xpi-utils	DEBUG	New add-on formautofill@mozilla.org installed in app-system-defaults
1535295147818	addons.xpi-utils	DEBUG	XPI Database saved, setting schema version preference to 27
1535295147821	addons.xpi-utils	DEBUG	New add-on onboarding@mozilla.org installed in app-system-defaults
1535295147861	addons.xpi-utils	DEBUG	New add-on screenshots@mozilla.org installed in app-system-defaults
1535295147907	addons.xpi-utils	DEBUG	New add-on webcompat-reporter@mozilla.org installed in app-system-defaults
1535295147935	addons.xpi-utils	DEBUG	New add-on webcompat@mozilla.org installed in app-system-defaults
1535295148246	addons.manager	DEBUG	Registering startup change 'installed' for activity-stream@mozilla.org
1535295148257	addons.xpi	DEBUG	Loading bootstrap scope from C:\Program Files\Firefox Developer Edition\browser\features\activity-stream@mozilla.org.xpi
1535295148259	addons.xpi	DEBUG	Calling bootstrap method install on activity-stream@mozilla.org version 2018.08.15.1369-9a1307e4
1535295148259	addons.xpi-utils	DEBUG	Make addon app-system-defaults:activity-stream@mozilla.org visible
1535295148260	addons.xpi	DEBUG	Updating XPIState for {"id":"activity-stream@mozilla.org","syncGUID":"{b163f2c3-e0ad-42da-a229-8590f1fe3881}","version":"2018.08.15.1369-9a1307e4","type":"extension","defaultLocale":{"name":"Activity Stream","description":"A rich visual history feed and a reimagined home page make it easier than ever to find exactly what you're looking for in Firefox."},"visible":true,"active":false,"userDisabled":false,"appDisabled":false,"installDate":1534918240061,"updateDate":1534918240061,"applyBackgroundUpdates":1,"path":"C:\\Program Files\\Firefox Developer Edition\\browser\\features\\activity-stream@mozilla.org.xpi","skinnable":false,"sourceURI":null,"releaseNotesURI":null,"softDisabled":false,"foreignInstall":false,"strictCompatibility":false,"locales":[],"targetApplications":[{"id":"{ec8030f7-c20a-464f-9b0e-13a3a9e97384}","minVersion":"62.0","maxVersion":"62.*"}],"targetPlatforms":[],"seen":true,"dependencies":[],"hasEmbeddedWebExtension":false,"userPermissions":null,"icons":{},"blocklistState":0,"blocklistURL":null,"startupData":null,"location":"app-system-defaults"}
1535295148260	addons.manager	DEBUG	Registering startup change 'installed' for aushelper@mozilla.org
1535295148260	addons.xpi	DEBUG	Loading bootstrap scope from C:\Program Files\Firefox Developer Edition\browser\features\aushelper@mozilla.org.xpi
1535295148262	addons.xpi	DEBUG	Calling bootstrap method install on aushelper@mozilla.org version 2.0
1535295148262	addons.xpi-utils	DEBUG	Make addon app-system-defaults:aushelper@mozilla.org visible
1535295148262	addons.xpi	DEBUG	Updating XPIState for {"id":"aushelper@mozilla.org","syncGUID":"{92075620-3d26-4eea-b65e-32608d889008}","version":"2.0","type":"extension","defaultLocale":{"name":"Application Update Service Helper","description":"Sets value(s) in the update url based on custom checks."},"visible":true,"active":false,"userDisabled":false,"appDisabled":false,"installDate":1530546450181,"updateDate":1530546450181,"applyBackgroundUpdates":1,"path":"C:\\Program Files\\Firefox Developer Edition\\browser\\features\\aushelper@mozilla.org.xpi","skinnable":false,"sourceURI":null,"releaseNotesURI":null,"softDisabled":false,"foreignInstall":false,"strictCompatibility":false,"locales":[],"targetApplications":[{"id":"{ec8030f7-c20a-464f-9b0e-13a3a9e97384}","minVersion":"62.0","maxVersion":"62.*"}],"targetPlatforms":[],"seen":true,"dependencies":[],"hasEmbeddedWebExtension":false,"userPermissions":null,"icons":{},"blocklistState":0,"blocklistURL":null,"startupData":null,"location":"app-system-defaults"}
1535295148262	addons.manager	DEBUG	Registering startup change 'installed' for firefox@getpocket.com
1535295148263	addons.xpi	DEBUG	Loading bootstrap scope from C:\Program Files\Firefox Developer Edition\browser\features\firefox@getpocket.com.xpi
1535295148271	addons.xpi	DEBUG	Calling bootstrap method install on firefox@getpocket.com version 1.0.5
1535295148271	addons.xpi-utils	DEBUG	Make addon app-system-defaults:firefox@getpocket.com visible
1535295148271	addons.xpi	DEBUG	Updating XPIState for {"id":"firefox@getpocket.com","syncGUID":"{69d31e79-f9d0-4e89-a228-3549341c7590}","version":"1.0.5","type":"extension","defaultLocale":{"name":"Pocket","description":"When you find something you want to view later, put it in Pocket."},"visible":true,"active":false,"userDisabled":false,"appDisabled":false,"installDate":1530546449985,"updateDate":1530546449985,"applyBackgroundUpdates":1,"path":"C:\\Program Files\\Firefox Developer Edition\\browser\\features\\firefox@getpocket.com.xpi","skinnable":false,"sourceURI":null,"releaseNotesURI":null,"softDisabled":false,"foreignInstall":false,"strictCompatibility":false,"locales":[],"targetApplications":[{"id":"{ec8030f7-c20a-464f-9b0e-13a3a9e97384}","minVersion":"62.0","maxVersion":"62.*"}],"targetPlatforms":[],"seen":true,"dependencies":[],"hasEmbeddedWebExtension":false,"userPermissions":null,"icons":{},"blocklistState":0,"blocklistURL":null,"startupData":null,"location":"app-system-defaults"}
1535295148271	addons.manager	DEBUG	Registering startup change 'installed' for formautofill@mozilla.org
1535295148271	addons.xpi	DEBUG	Loading bootstrap scope from C:\Program Files\Firefox Developer Edition\browser\features\formautofill@mozilla.org.xpi
1535295148273	addons.xpi	DEBUG	Calling bootstrap method install on formautofill@mozilla.org version 1.0
1535295148273	addons.xpi-utils	DEBUG	Make addon app-system-defaults:formautofill@mozilla.org visible
1535295148273	addons.xpi	DEBUG	Updating XPIState for {"id":"formautofill@mozilla.org","syncGUID":"{68f5079c-aef9-4485-a1bb-fccb9e8c1e1b}","version":"1.0","type":"extension","defaultLocale":{"name":"Form Autofill","description":"Autofill forms with saved profiles"},"visible":true,"active":false,"userDisabled":false,"appDisabled":false,"installDate":1530546449616,"updateDate":1530546449616,"applyBackgroundUpdates":1,"path":"C:\\Program Files\\Firefox Developer Edition\\browser\\features\\formautofill@mozilla.org.xpi","skinnable":false,"sourceURI":null,"releaseNotesURI":null,"softDisabled":false,"foreignInstall":false,"strictCompatibility":false,"locales":[],"targetApplications":[{"id":"{ec8030f7-c20a-464f-9b0e-13a3a9e97384}","minVersion":"62.0","maxVersion":"62.*"}],"targetPlatforms":[],"seen":true,"dependencies":[],"hasEmbeddedWebExtension":false,"userPermissions":null,"icons":{},"blocklistState":0,"blocklistURL":null,"startupData":null,"location":"app-system-defaults"}
1535295148273	addons.manager	DEBUG	Registering startup change 'installed' for onboarding@mozilla.org
1535295148274	addons.xpi	DEBUG	Loading bootstrap scope from C:\Program Files\Firefox Developer Edition\browser\features\onboarding@mozilla.org.xpi
1535295148275	addons.xpi	DEBUG	Calling bootstrap method install on onboarding@mozilla.org version 1.0
1535295148276	addons.xpi-utils	DEBUG	Make addon app-system-defaults:onboarding@mozilla.org visible
1535295148276	addons.xpi	DEBUG	Updating XPIState for {"id":"onboarding@mozilla.org","syncGUID":"{03bdae53-d6a4-4937-bbef-b92bb04254a2}","version":"1.0","type":"extension","defaultLocale":{"name":"Photon onboarding","description":"Photon onboarding"},"visible":true,"active":false,"userDisabled":false,"appDisabled":false,"installDate":1530546449137,"updateDate":1530546449137,"applyBackgroundUpdates":1,"path":"C:\\Program Files\\Firefox Developer Edition\\browser\\features\\onboarding@mozilla.org.xpi","skinnable":false,"sourceURI":null,"releaseNotesURI":null,"softDisabled":false,"foreignInstall":false,"strictCompatibility":false,"locales":[],"targetApplications":[{"id":"{ec8030f7-c20a-464f-9b0e-13a3a9e97384}","minVersion":"62.0","maxVersion":"62.*"}],"targetPlatforms":[],"seen":true,"dependencies":[],"hasEmbeddedWebExtension":false,"userPermissions":null,"icons":{},"blocklistState":0,"blocklistURL":null,"startupData":null,"location":"app-system-defaults"}
1535295148276	addons.manager	DEBUG	Registering startup change 'installed' for screenshots@mozilla.org
1535295148276	addons.xpi	DEBUG	Loading bootstrap scope from C:\Program Files\Firefox Developer Edition\browser\features\screenshots@mozilla.org.xpi
1535295148278	addons.xpi	DEBUG	Calling bootstrap method install on screenshots@mozilla.org version 33.0.0
1535295148278	addons.xpi-utils	DEBUG	Make addon app-system-defaults:screenshots@mozilla.org visible
1535295148278	addons.xpi	DEBUG	Updating XPIState for {"id":"screenshots@mozilla.org","syncGUID":"{e11b4603-6614-49ea-800f-6afdde13b4dc}","version":"33.0.0","type":"extension","defaultLocale":{"name":"Firefox Screenshots","homepageURL":"https://screenshots.firefox.com/"},"visible":true,"active":false,"userDisabled":false,"appDisabled":false,"installDate":1530546448840,"updateDate":1530546448840,"applyBackgroundUpdates":1,"path":"C:\\Program Files\\Firefox Developer Edition\\browser\\features\\screenshots@mozilla.org.xpi","skinnable":false,"sourceURI":null,"releaseNotesURI":null,"softDisabled":false,"foreignInstall":false,"strictCompatibility":false,"locales":[],"targetApplications":[{"id":"{ec8030f7-c20a-464f-9b0e-13a3a9e97384}","minVersion":"57.0a1","maxVersion":"*"}],"targetPlatforms":[],"seen":true,"dependencies":[],"hasEmbeddedWebExtension":false,"userPermissions":null,"icons":{},"blocklistState":0,"blocklistURL":null,"startupData":null,"location":"app-system-defaults"}
1535295148279	addons.manager	DEBUG	Registering startup change 'installed' for webcompat-reporter@mozilla.org
1535295148279	addons.xpi	DEBUG	Loading bootstrap scope from C:\Program Files\Firefox Developer Edition\browser\features\webcompat-reporter@mozilla.org.xpi
1535295148280	addons.xpi	DEBUG	Calling bootstrap method install on webcompat-reporter@mozilla.org version 1.0.0
1535295148280	addons.xpi-utils	DEBUG	Make addon app-system-defaults:webcompat-reporter@mozilla.org visible
1535295148280	addons.xpi	DEBUG	Updating XPIState for {"id":"webcompat-reporter@mozilla.org","syncGUID":"{f4287b17-c9ae-4743-991b-763c1c6de35d}","version":"1.0.0","type":"extension","defaultLocale":{"name":"WebCompat Reporter","description":"Report site compatibility issues on webcompat.com."},"visible":true,"active":false,"userDisabled":false,"appDisabled":false,"installDate":1530546448345,"updateDate":1530546448345,"applyBackgroundUpdates":1,"path":"C:\\Program Files\\Firefox Developer Edition\\browser\\features\\webcompat-reporter@mozilla.org.xpi","skinnable":false,"sourceURI":null,"releaseNotesURI":null,"softDisabled":false,"foreignInstall":false,"strictCompatibility":false,"locales":[],"targetApplications":[{"id":"{ec8030f7-c20a-464f-9b0e-13a3a9e97384}","minVersion":"62.0","maxVersion":"62.*"}],"targetPlatforms":[],"seen":true,"dependencies":[],"hasEmbeddedWebExtension":false,"userPermissions":null,"icons":{},"blocklistState":0,"blocklistURL":null,"startupData":null,"location":"app-system-defaults"}
1535295148281	addons.manager	DEBUG	Registering startup change 'installed' for webcompat@mozilla.org
1535295148281	addons.xpi	DEBUG	Loading bootstrap scope from C:\Program Files\Firefox Developer Edition\browser\features\webcompat@mozilla.org.xpi
1535295148282	addons.xpi	DEBUG	Calling bootstrap method install on webcompat@mozilla.org version 2.0
1535295148282	addons.xpi-utils	DEBUG	Make addon app-system-defaults:webcompat@mozilla.org visible
1535295148282	addons.xpi	DEBUG	Updating XPIState for {"id":"webcompat@mozilla.org","syncGUID":"{23f76a02-f0fb-467b-8b26-3c81ee7b6451}","version":"2.0","type":"extension","defaultLocale":{"name":"Web Compat","description":"Urgent post-release fixes for web compatibility."},"visible":true,"active":false,"userDisabled":false,"appDisabled":false,"installDate":1530546448245,"updateDate":1530546448245,"applyBackgroundUpdates":1,"path":"C:\\Program Files\\Firefox Developer Edition\\browser\\features\\webcompat@mozilla.org.xpi","skinnable":false,"sourceURI":null,"releaseNotesURI":null,"softDisabled":false,"foreignInstall":false,"strictCompatibility":false,"locales":[],"targetApplications":[{"id":"{ec8030f7-c20a-464f-9b0e-13a3a9e97384}","minVersion":"62.0","maxVersion":"62.*"},{"id":"{aa3c5121-dab2-40e2-81ca-7ea25febc110}","minVersion":"62.0","maxVersion":"62.*"}],"targetPlatforms":[],"seen":true,"dependencies":[],"hasEmbeddedWebExtension":true,"userPermissions":null,"icons":{},"blocklistState":0,"blocklistURL":null,"startupData":null,"location":"app-system-defaults"}
1535295148283	addons.xpi	DEBUG	Updating XPIState for {"id":"activity-stream@mozilla.org","syncGUID":"{b163f2c3-e0ad-42da-a229-8590f1fe3881}","version":"2018.08.15.1369-9a1307e4","type":"extension","defaultLocale":{"name":"Activity Stream","description":"A rich visual history feed and a reimagined home page make it easier than ever to find exactly what you're looking for in Firefox."},"visible":true,"active":true,"userDisabled":false,"appDisabled":false,"installDate":1534918240061,"updateDate":1534918240061,"applyBackgroundUpdates":1,"path":"C:\\Program Files\\Firefox Developer Edition\\browser\\features\\activity-stream@mozilla.org.xpi","skinnable":false,"sourceURI":null,"releaseNotesURI":null,"softDisabled":false,"foreignInstall":false,"strictCompatibility":false,"locales":[],"targetApplications":[{"id":"{ec8030f7-c20a-464f-9b0e-13a3a9e97384}","minVersion":"62.0","maxVersion":"62.*"}],"targetPlatforms":[],"seen":true,"dependencies":[],"hasEmbeddedWebExtension":false,"userPermissions":null,"icons":{},"blocklistState":0,"blocklistURL":null,"startupData":null,"location":"app-system-defaults"}
1535295148283	addons.xpi	DEBUG	Updating XPIState for {"id":"aushelper@mozilla.org","syncGUID":"{92075620-3d26-4eea-b65e-32608d889008}","version":"2.0","type":"extension","defaultLocale":{"name":"Application Update Service Helper","description":"Sets value(s) in the update url based on custom checks."},"visible":true,"active":true,"userDisabled":false,"appDisabled":false,"installDate":1530546450181,"updateDate":1530546450181,"applyBackgroundUpdates":1,"path":"C:\\Program Files\\Firefox Developer Edition\\browser\\features\\aushelper@mozilla.org.xpi","skinnable":false,"sourceURI":null,"releaseNotesURI":null,"softDisabled":false,"foreignInstall":false,"strictCompatibility":false,"locales":[],"targetApplications":[{"id":"{ec8030f7-c20a-464f-9b0e-13a3a9e97384}","minVersion":"62.0","maxVersion":"62.*"}],"targetPlatforms":[],"seen":true,"dependencies":[],"hasEmbeddedWebExtension":false,"userPermissions":null,"icons":{},"blocklistState":0,"blocklistURL":null,"startupData":null,"location":"app-system-defaults"}
1535295148283	addons.xpi	DEBUG	Updating XPIState for {"id":"firefox@getpocket.com","syncGUID":"{69d31e79-f9d0-4e89-a228-3549341c7590}","version":"1.0.5","type":"extension","defaultLocale":{"name":"Pocket","description":"When you find something you want to view later, put it in Pocket."},"visible":true,"active":true,"userDisabled":false,"appDisabled":false,"installDate":1530546449985,"updateDate":1530546449985,"applyBackgroundUpdates":1,"path":"C:\\Program Files\\Firefox Developer Edition\\browser\\features\\firefox@getpocket.com.xpi","skinnable":false,"sourceURI":null,"releaseNotesURI":null,"softDisabled":false,"foreignInstall":false,"strictCompatibility":false,"locales":[],"targetApplications":[{"id":"{ec8030f7-c20a-464f-9b0e-13a3a9e97384}","minVersion":"62.0","maxVersion":"62.*"}],"targetPlatforms":[],"seen":true,"dependencies":[],"hasEmbeddedWebExtension":false,"userPermissions":null,"icons":{},"blocklistState":0,"blocklistURL":null,"startupData":null,"location":"app-system-defaults"}
1535295148283	addons.xpi	DEBUG	Updating XPIState for {"id":"formautofill@mozilla.org","syncGUID":"{68f5079c-aef9-4485-a1bb-fccb9e8c1e1b}","version":"1.0","type":"extension","defaultLocale":{"name":"Form Autofill","description":"Autofill forms with saved profiles"},"visible":true,"active":true,"userDisabled":false,"appDisabled":false,"installDate":1530546449616,"updateDate":1530546449616,"applyBackgroundUpdates":1,"path":"C:\\Program Files\\Firefox Developer Edition\\browser\\features\\formautofill@mozilla.org.xpi","skinnable":false,"sourceURI":null,"releaseNotesURI":null,"softDisabled":false,"foreignInstall":false,"strictCompatibility":false,"locales":[],"targetApplications":[{"id":"{ec8030f7-c20a-464f-9b0e-13a3a9e97384}","minVersion":"62.0","maxVersion":"62.*"}],"targetPlatforms":[],"seen":true,"dependencies":[],"hasEmbeddedWebExtension":false,"userPermissions":null,"icons":{},"blocklistState":0,"blocklistURL":null,"startupData":null,"location":"app-system-defaults"}
1535295148283	addons.xpi	DEBUG	Updating XPIState for {"id":"onboarding@mozilla.org","syncGUID":"{03bdae53-d6a4-4937-bbef-b92bb04254a2}","version":"1.0","type":"extension","defaultLocale":{"name":"Photon onboarding","description":"Photon onboarding"},"visible":true,"active":true,"userDisabled":false,"appDisabled":false,"installDate":1530546449137,"updateDate":1530546449137,"applyBackgroundUpdates":1,"path":"C:\\Program Files\\Firefox Developer Edition\\browser\\features\\onboarding@mozilla.org.xpi","skinnable":false,"sourceURI":null,"releaseNotesURI":null,"softDisabled":false,"foreignInstall":false,"strictCompatibility":false,"locales":[],"targetApplications":[{"id":"{ec8030f7-c20a-464f-9b0e-13a3a9e97384}","minVersion":"62.0","maxVersion":"62.*"}],"targetPlatforms":[],"seen":true,"dependencies":[],"hasEmbeddedWebExtension":false,"userPermissions":null,"icons":{},"blocklistState":0,"blocklistURL":null,"startupData":null,"location":"app-system-defaults"}
1535295148283	addons.xpi	DEBUG	Updating XPIState for {"id":"screenshots@mozilla.org","syncGUID":"{e11b4603-6614-49ea-800f-6afdde13b4dc}","version":"33.0.0","type":"extension","defaultLocale":{"name":"Firefox Screenshots","homepageURL":"https://screenshots.firefox.com/"},"visible":true,"active":true,"userDisabled":false,"appDisabled":false,"installDate":1530546448840,"updateDate":1530546448840,"applyBackgroundUpdates":1,"path":"C:\\Program Files\\Firefox Developer Edition\\browser\\features\\screenshots@mozilla.org.xpi","skinnable":false,"sourceURI":null,"releaseNotesURI":null,"softDisabled":false,"foreignInstall":false,"strictCompatibility":false,"locales":[],"targetApplications":[{"id":"{ec8030f7-c20a-464f-9b0e-13a3a9e97384}","minVersion":"57.0a1","maxVersion":"*"}],"targetPlatforms":[],"seen":true,"dependencies":[],"hasEmbeddedWebExtension":false,"userPermissions":null,"icons":{},"blocklistState":0,"blocklistURL":null,"startupData":null,"location":"app-system-defaults"}
1535295148283	addons.xpi	DEBUG	Updating XPIState for {"id":"webcompat-reporter@mozilla.org","syncGUID":"{f4287b17-c9ae-4743-991b-763c1c6de35d}","version":"1.0.0","type":"extension","defaultLocale":{"name":"WebCompat Reporter","description":"Report site compatibility issues on webcompat.com."},"visible":true,"active":true,"userDisabled":false,"appDisabled":false,"installDate":1530546448345,"updateDate":1530546448345,"applyBackgroundUpdates":1,"path":"C:\\Program Files\\Firefox Developer Edition\\browser\\features\\webcompat-reporter@mozilla.org.xpi","skinnable":false,"sourceURI":null,"releaseNotesURI":null,"softDisabled":false,"foreignInstall":false,"strictCompatibility":false,"locales":[],"targetApplications":[{"id":"{ec8030f7-c20a-464f-9b0e-13a3a9e97384}","minVersion":"62.0","maxVersion":"62.*"}],"targetPlatforms":[],"seen":true,"dependencies":[],"hasEmbeddedWebExtension":false,"userPermissions":null,"icons":{},"blocklistState":0,"blocklistURL":null,"startupData":null,"location":"app-system-defaults"}
1535295148283	addons.xpi	DEBUG	Updating XPIState for {"id":"webcompat@mozilla.org","syncGUID":"{23f76a02-f0fb-467b-8b26-3c81ee7b6451}","version":"2.0","type":"extension","defaultLocale":{"name":"Web Compat","description":"Urgent post-release fixes for web compatibility."},"visible":true,"active":true,"userDisabled":false,"appDisabled":false,"installDate":1530546448245,"updateDate":1530546448245,"applyBackgroundUpdates":1,"path":"C:\\Program Files\\Firefox Developer Edition\\browser\\features\\webcompat@mozilla.org.xpi","skinnable":false,"sourceURI":null,"releaseNotesURI":null,"softDisabled":false,"foreignInstall":false,"strictCompatibility":false,"locales":[],"targetApplications":[{"id":"{ec8030f7-c20a-464f-9b0e-13a3a9e97384}","minVersion":"62.0","maxVersion":"62.*"},{"id":"{aa3c5121-dab2-40e2-81ca-7ea25febc110}","minVersion":"62.0","maxVersion":"62.*"}],"targetPlatforms":[],"seen":true,"dependencies":[],"hasEmbeddedWebExtension":true,"userPermissions":null,"icons":{},"blocklistState":0,"blocklistURL":null,"startupData":null,"location":"app-system-defaults"}
1535295148284	addons.xpi-utils	DEBUG	Updating add-on states
1535295148286	addons.xpi	DEBUG	Registering manifest for C:\Program Files\Firefox Developer Edition\browser\features\activity-stream@mozilla.org.xpi
1535295148287	addons.xpi	DEBUG	Calling bootstrap method startup on activity-stream@mozilla.org version 2018.08.15.1369-9a1307e4
1535295148288	addons.xpi	DEBUG	Registering manifest for C:\Program Files\Firefox Developer Edition\browser\features\aushelper@mozilla.org.xpi
1535295148288	addons.xpi	DEBUG	Calling bootstrap method startup on aushelper@mozilla.org version 2.0
1535295148289	addons.xpi	DEBUG	Registering manifest for C:\Program Files\Firefox Developer Edition\browser\features\firefox@getpocket.com.xpi
1535295148289	addons.xpi	DEBUG	Calling bootstrap method startup on firefox@getpocket.com version 1.0.5
1535295148329	addons.xpi	DEBUG	Registering manifest for C:\Program Files\Firefox Developer Edition\browser\features\formautofill@mozilla.org.xpi
1535295148329	addons.xpi	DEBUG	Calling bootstrap method startup on formautofill@mozilla.org version 1.0
1535295148330	addons.xpi	DEBUG	Registering manifest for C:\Program Files\Firefox Developer Edition\browser\features\onboarding@mozilla.org.xpi
1535295148330	addons.xpi	DEBUG	Calling bootstrap method startup on onboarding@mozilla.org version 1.0
1535295148330	addons.xpi	DEBUG	Registering manifest for C:\Program Files\Firefox Developer Edition\browser\features\screenshots@mozilla.org.xpi
1535295148331	addons.xpi	DEBUG	Calling bootstrap method startup on screenshots@mozilla.org version 33.0.0
1535295148331	addons.xpi	DEBUG	Registering manifest for C:\Program Files\Firefox Developer Edition\browser\features\webcompat-reporter@mozilla.org.xpi
1535295148331	addons.xpi	DEBUG	Calling bootstrap method startup on webcompat-reporter@mozilla.org version 1.0.0
1535295148331	addons.xpi	DEBUG	Registering manifest for C:\Program Files\Firefox Developer Edition\browser\features\webcompat@mozilla.org.xpi
1535295148333	addons.xpi	DEBUG	Calling bootstrap method startup on webcompat@mozilla.org version 2.0
1535295148344	addons.manager	DEBUG	Registering shutdown blocker for XPIProvider
1535295148344	addons.manager	DEBUG	Provider finished startup: XPIProvider
1535295148344	addons.manager	DEBUG	Starting provider: LightweightThemeManager
1535295148344	addons.manager	DEBUG	Registering shutdown blocker for LightweightThemeManager
1535295148345	addons.manager	DEBUG	Provider finished startup: LightweightThemeManager
1535295148345	addons.manager	DEBUG	Starting provider: GMPProvider
1535295148347	addons.manager	DEBUG	Registering shutdown blocker for GMPProvider
1535295148347	addons.manager	DEBUG	Provider finished startup: GMPProvider
1535295148347	addons.manager	DEBUG	Starting provider: PluginProvider
1535295148347	addons.manager	DEBUG	Registering shutdown blocker for PluginProvider
1535295148348	addons.manager	DEBUG	Provider finished startup: PluginProvider
1535295148348	addons.manager	DEBUG	Completed startup sequence
1535295153025	addons.xpi	DEBUG	Existing add-on activity-stream@mozilla.org in app-system-defaults
1535295153025	addons.xpi	DEBUG	Existing add-on aushelper@mozilla.org in app-system-defaults
1535295153025	addons.xpi	DEBUG	Existing add-on firefox@getpocket.com in app-system-defaults
1535295153025	addons.xpi	DEBUG	Existing add-on formautofill@mozilla.org in app-system-defaults
1535295153025	addons.xpi	DEBUG	Existing add-on onboarding@mozilla.org in app-system-defaults
1535295153025	addons.xpi	DEBUG	Existing add-on screenshots@mozilla.org in app-system-defaults
1535295153026	addons.xpi	DEBUG	Existing add-on webcompat-reporter@mozilla.org in app-system-defaults
1535295153026	addons.xpi	DEBUG	Existing add-on webcompat@mozilla.org in app-system-defaults
1535295153026	addons.xpi	DEBUG	scanForChanges changed: false, state: {}
1535295153597	Marionette	INFO	Listening on port 61366
1535295154797	Marionette	WARN	TLS certificate errors will be ignored for this session
1535295154830	Marionette	DEBUG	[4294967297] Frame script loaded
1535295154830	Marionette	DEBUG	[2147483652] Frame script loaded
1535295154868	Marionette	DEBUG	[4294967297] Frame script registered
1535295154869	Marionette	DEBUG	[2147483652] Frame script registered
1535295154946	Marionette	DEBUG	[2147483652] Received DOM event beforeunload for about:blank
1535295154947	Marionette	DEBUG	[2147483652] Received DOM event pagehide for about:blank
1535295154951	Marionette	DEBUG	[2147483652] Received DOM event DOMContentLoaded for about:blank
1535295155014	Marionette	DEBUG	[2147483652] Received DOM event pageshow for about:blank
1535295155088	Marionette	DEBUG	[2147483652] Received DOM event beforeunload for about:blank
1535295155812	Marionette	DEBUG	[2147483652] Received DOM event pagehide for about:blank
1535295157389	Marionette	DEBUG	[2147483652] Received DOM event DOMContentLoaded for https://www.amazon.com/
[Child 7976, Chrome_ChildThread] WARNING: pipe error: 109: file z:/build/build/src/ipc/chromium/src/chrome/common/ipc_channel_win.cc, line 346
[Child 7976, C1535295159693	Marionette	DEBUG	[2147483652] Received DOM event pageshow for https://www.amazon.com/
1535295162247	Marionette	DEBUG	[2147483652] Received DOM event beforeunload for https://www.amazon.com/
1535295162339	Marionette	DEBUG	[2147483652] Received observer notification outer-window-destroyed for 2147483665
1535295162510	Marionette	DEBUG	[2147483652] Received observer notification outer-window-destroyed for 2147483667
1535295162512	Marionette	DEBUG	[2147483652] Received observer notification outer-window-destroyed for 2147483669
1535295162602	Marionette	DEBUG	[2147483652] Received observer notification outer-window-destroyed for 2147483671
1535295162603	Marionette	DEBUG	[2147483652] Received observer notification outer-window-destroyed for 2147483673
1535295162604	Marionette	DEBUG	[2147483652] Received observer notification outer-window-destroyed for 2147483675
1535295162605	Marionette	DEBUG	[2147483652] Received observer notification outer-window-destroyed for 2147483677
1535295162782	Marionette	DEBUG	[2147483652] Received DOM event pagehide for https://www.amazon.com/
1535295162787	Marionette	DEBUG	[2147483652] Received DOM event unload for https://www.amazon.com/
1535295163617	Marionette	DEBUG	[2147483652] Received observer notification outer-window-destroyed for 2147483657
1535295163618	Marionette	DEBUG	[2147483652] Received observer notification outer-window-destroyed for 2147483659
1535295163620	Marionette	DEBUG	[2147483652] Received observer notification outer-window-destroyed for 2147483660
1535295163621	Marionette	DEBUG	[2147483652] Received observer notification outer-window-destroyed for 2147483663
1535295164019	Marionette	DEBUG	[2147483652] Received DOM event DOMContentLoaded for https://www.amazon.com/s?url=search-alias%3Daps&field-keywords=Ferrari+450
1535295164588	Marionette	DEBUG	[2147483652] Received DOM event pageshow for https://www.amazon.com/s?url=search-alias%3Daps&field-keywords=Ferrari+450
1535295164598	Marionette	INFO	Stopped listening on port 61366
1535295164657	addons.xpi	DEBUG	Calling bootstrap method shutdown on webcompat@mozilla.org version 2.0
1535295164658	addons.xpi	DEBUG	Calling bootstrap method shutdown on webcompat-reporter@mozilla.org version 1.0.0
1535295164658	addons.xpi	DEBUG	Calling bootstrap method shutdown on screenshots@mozilla.org version 33.0.0
1535295164663	addons.xpi	DEBUG	Calling bootstrap method shutdown on onboarding@mozilla.org version 1.0
1535295164664	addons.xpi	DEBUG	Calling bootstrap method shutdown on formautofill@mozilla.org version 1.0
1535295164665	addons.xpi	DEBUG	Calling bootstrap method shutdown on firefox@getpocket.com version 1.0.5
1535295164665	addons.xpi	DEBUG	Calling bootstrap method shutdown on aushelper@mozilla.org version 2.0
1535295164667	addons.xpi	DEBUG	Calling bootstrap method shutdown on activity-stream@mozilla.org version 2018.08.15.1369-9a1307e4
1535295164887	addons.manager	DEBUG	shutdown
1535295164888	addons.manager	DEBUG	Calling shutdown blocker for XPIProvider
1535295164888	addons.xpi	DEBUG	shutdown
1535295164888	addons.xpi-utils	DEBUG	shutdown
1535295164888	addons.manager	DEBUG	Calling shutdown blocker for LightweightThemeManager
1535295164889	addons.manager	DEBUG	Calling shutdown blocker for GMPProvider
1535295164889	addons.manager	DEBUG	Calling shutdown blocker for PluginProvider
1535295164892	addons.manager	DEBUG	Async provider shutdown done
[GPU 9944, Chrome_ChildThre
###!!! [Child][MessageChannel::SendAndWait] Error: Channel error: cannot send/recv

1535295166461	geckodriver	INFO	geckodriver 0.20.1
1535295166469	geckodriver	INFO	Listening on 127.0.0.1:61437
1535295169587	mozrunner::runner	INFO	Running command: "C:\\Program Files\\Firefox Developer Edition\\firefox.exe" "-marionette" "-profile" "C:\\Users\\msys\\AppData\\Local\\Temp\\rust_mozprofile.wTSXdvruM6SK"
1535295169809	addons.manager	DEBUG	Application has been upgraded
1535295169869	addons.manager	DEBUG	Loaded provider scope for resource://gre/modules/addons/XPIProvider.jsm: ["XPIProvider", "XPIInternal"]
1535295169872	addons.manager	DEBUG	Loaded provider scope for resource://gre/modules/LightweightThemeManager.jsm: ["LightweightThemeManager"]
1535295169890	addons.manager	DEBUG	Loaded provider scope for resource://gre/modules/addons/GMPProvider.jsm
1535295169892	addons.manager	DEBUG	Loaded provider scope for resource://gre/modules/addons/PluginProvider.jsm
1535295169893	addons.manager	DEBUG	Starting provider: XPIProvider
1535295169893	addons.xpi	DEBUG	startup
1535295169894	addons.xpi	INFO	SystemAddonLocation directory is missing
1535295169904	addons.xpi	INFO	Removing all system add-on upgrades.
1535295169905	addons.xpi	DEBUG	checkForChanges
1535295169905	addons.xpi	DEBUG	Loaded add-on state: ${}
1535295169906	addons.xpi	DEBUG	New add-on activity-stream@mozilla.org in app-system-defaults
1535295169907	addons.xpi	DEBUG	New add-on aushelper@mozilla.org in app-system-defaults
1535295169907	addons.xpi	DEBUG	New add-on firefox@getpocket.com in app-system-defaults
1535295169908	addons.xpi	DEBUG	New add-on formautofill@mozilla.org in app-system-defaults
1535295169908	addons.xpi	DEBUG	New add-on onboarding@mozilla.org in app-system-defaults
1535295169909	addons.xpi	DEBUG	New add-on screenshots@mozilla.org in app-system-defaults
1535295169909	addons.xpi	DEBUG	New add-on webcompat-reporter@mozilla.org in app-system-defaults
1535295169909	addons.xpi	DEBUG	New add-on webcompat@mozilla.org in app-system-defaults
1535295169910	addons.xpi	DEBUG	scanForChanges changed: true, state: {}
1535295169917	addons.xpi-utils	DEBUG	Error: Synchronously loading the add-ons database (resource://gre/modules/addons/XPIDatabase.jsm:1329:15) JS Stack trace: syncLoadDB@XPIDatabase.jsm:1329:15
checkForChanges@XPIProvider.jsm:2533:9
startup@XPIProvider.jsm:2116:25
callProvider@AddonManager.jsm:206:12
_startProvider@AddonManager.jsm:654:5
startup@AddonManager.jsm:813:9
startup@AddonManager.jsm:2811:5
observe@addonManager.js:66:9
1535295169917	addons.xpi-utils	DEBUG	Starting async load of XPI database C:\Users\msys\AppData\Local\Temp\rust_mozprofile.wTSXdvruM6SK\extensions.json
1535295169945	addons.xpi-utils	DEBUG	New add-on activity-stream@mozilla.org installed in app-system-defaults
*** Blocklist::_preloadBlocklistFile: blocklist is disabled
1535295170172	addons.xpi-utils	DEBUG	New add-on aushelper@mozilla.org installed in app-system-defaults
1535295170203	addons.xpi-utils	DEBUG	New add-on firefox@getpocket.com installed in app-system-defaults
1535295170204	addons.xpi-utils	DEBUG	XPI Database saved, setting schema version preference to 27
1535295170206	addons.xpi-utils	DEBUG	New add-on formautofill@mozilla.org installed in app-system-defaults
1535295170211	addons.xpi-utils	DEBUG	New add-on onboarding@mozilla.org installed in app-system-defaults
1535295170214	addons.xpi-utils	DEBUG	New add-on screenshots@mozilla.org installed in app-system-defaults
1535295170219	addons.xpi-utils	DEBUG	New add-on webcompat-reporter@mozilla.org installed in app-system-defaults
1535295170222	addons.xpi-utils	DEBUG	New add-on webcompat@mozilla.org installed in app-system-defaults
1535295170334	addons.manager	DEBUG	Registering startup change 'installed' for activity-stream@mozilla.org
1535295170340	addons.xpi	DEBUG	Loading bootstrap scope from C:\Program Files\Firefox Developer Edition\browser\features\activity-stream@mozilla.org.xpi
1535295170342	addons.xpi	DEBUG	Calling bootstrap method install on activity-stream@mozilla.org version 2018.08.15.1369-9a1307e4
1535295170342	addons.xpi-utils	DEBUG	Make addon app-system-defaults:activity-stream@mozilla.org visible
1535295170342	addons.xpi	DEBUG	Updating XPIState for {"id":"activity-stream@mozilla.org","syncGUID":"{981c9faa-23a8-4c63-b685-d22845c052a0}","version":"2018.08.15.1369-9a1307e4","type":"extension","defaultLocale":{"name":"Activity Stream","description":"A rich visual history feed and a reimagined home page make it easier than ever to find exactly what you're looking for in Firefox."},"visible":true,"active":false,"userDisabled":false,"appDisabled":false,"installDate":1534918240061,"updateDate":1534918240061,"applyBackgroundUpdates":1,"path":"C:\\Program Files\\Firefox Developer Edition\\browser\\features\\activity-stream@mozilla.org.xpi","skinnable":false,"sourceURI":null,"releaseNotesURI":null,"softDisabled":false,"foreignInstall":false,"strictCompatibility":false,"locales":[],"targetApplications":[{"id":"{ec8030f7-c20a-464f-9b0e-13a3a9e97384}","minVersion":"62.0","maxVersion":"62.*"}],"targetPlatforms":[],"seen":true,"dependencies":[],"hasEmbeddedWebExtension":false,"userPermissions":null,"icons":{},"blocklistState":0,"blocklistURL":null,"startupData":null,"location":"app-system-defaults"}
1535295170343	addons.manager	DEBUG	Registering startup change 'installed' for aushelper@mozilla.org
1535295170344	addons.xpi	DEBUG	Loading bootstrap scope from C:\Program Files\Firefox Developer Edition\browser\features\aushelper@mozilla.org.xpi
1535295170345	addons.xpi	DEBUG	Calling bootstrap method install on aushelper@mozilla.org version 2.0
1535295170346	addons.xpi-utils	DEBUG	Make addon app-system-defaults:aushelper@mozilla.org visible
1535295170346	addons.xpi	DEBUG	Updating XPIState for {"id":"aushelper@mozilla.org","syncGUID":"{754b6155-760f-4cf1-995b-b8fc3f96b923}","version":"2.0","type":"extension","defaultLocale":{"name":"Application Update Service Helper","description":"Sets value(s) in the update url based on custom checks."},"visible":true,"active":false,"userDisabled":false,"appDisabled":false,"installDate":1530546450181,"updateDate":1530546450181,"applyBackgroundUpdates":1,"path":"C:\\Program Files\\Firefox Developer Edition\\browser\\features\\aushelper@mozilla.org.xpi","skinnable":false,"sourceURI":null,"releaseNotesURI":null,"softDisabled":false,"foreignInstall":false,"strictCompatibility":false,"locales":[],"targetApplications":[{"id":"{ec8030f7-c20a-464f-9b0e-13a3a9e97384}","minVersion":"62.0","maxVersion":"62.*"}],"targetPlatforms":[],"seen":true,"dependencies":[],"hasEmbeddedWebExtension":false,"userPermissions":null,"icons":{},"blocklistState":0,"blocklistURL":null,"startupData":null,"location":"app-system-defaults"}
1535295170346	addons.manager	DEBUG	Registering startup change 'installed' for firefox@getpocket.com
1535295170346	addons.xpi	DEBUG	Loading bootstrap scope from C:\Program Files\Firefox Developer Edition\browser\features\firefox@getpocket.com.xpi
1535295170350	addons.xpi	DEBUG	Calling bootstrap method install on firefox@getpocket.com version 1.0.5
1535295170350	addons.xpi-utils	DEBUG	Make addon app-system-defaults:firefox@getpocket.com visible
1535295170351	addons.xpi	DEBUG	Updating XPIState for {"id":"firefox@getpocket.com","syncGUID":"{1818e843-0d49-493d-81c6-a978d2cbbaa1}","version":"1.0.5","type":"extension","defaultLocale":{"name":"Pocket","description":"When you find something you want to view later, put it in Pocket."},"visible":true,"active":false,"userDisabled":false,"appDisabled":false,"installDate":1530546449985,"updateDate":1530546449985,"applyBackgroundUpdates":1,"path":"C:\\Program Files\\Firefox Developer Edition\\browser\\features\\firefox@getpocket.com.xpi","skinnable":false,"sourceURI":null,"releaseNotesURI":null,"softDisabled":false,"foreignInstall":false,"strictCompatibility":false,"locales":[],"targetApplications":[{"id":"{ec8030f7-c20a-464f-9b0e-13a3a9e97384}","minVersion":"62.0","maxVersion":"62.*"}],"targetPlatforms":[],"seen":true,"dependencies":[],"hasEmbeddedWebExtension":false,"userPermissions":null,"icons":{},"blocklistState":0,"blocklistURL":null,"startupData":null,"location":"app-system-defaults"}
1535295170351	addons.manager	DEBUG	Registering startup change 'installed' for formautofill@mozilla.org
1535295170352	addons.xpi	DEBUG	Loading bootstrap scope from C:\Program Files\Firefox Developer Edition\browser\features\formautofill@mozilla.org.xpi
1535295170354	addons.xpi	DEBUG	Calling bootstrap method install on formautofill@mozilla.org version 1.0
1535295170354	addons.xpi-utils	DEBUG	Make addon app-system-defaults:formautofill@mozilla.org visible
1535295170354	addons.xpi	DEBUG	Updating XPIState for {"id":"formautofill@mozilla.org","syncGUID":"{5f54a14c-dc56-4a61-9478-fbf31a790227}","version":"1.0","type":"extension","defaultLocale":{"name":"Form Autofill","description":"Autofill forms with saved profiles"},"visible":true,"active":false,"userDisabled":false,"appDisabled":false,"installDate":1530546449616,"updateDate":1530546449616,"applyBackgroundUpdates":1,"path":"C:\\Program Files\\Firefox Developer Edition\\browser\\features\\formautofill@mozilla.org.xpi","skinnable":false,"sourceURI":null,"releaseNotesURI":null,"softDisabled":false,"foreignInstall":false,"strictCompatibility":false,"locales":[],"targetApplications":[{"id":"{ec8030f7-c20a-464f-9b0e-13a3a9e97384}","minVersion":"62.0","maxVersion":"62.*"}],"targetPlatforms":[],"seen":true,"dependencies":[],"hasEmbeddedWebExtension":false,"userPermissions":null,"icons":{},"blocklistState":0,"blocklistURL":null,"startupData":null,"location":"app-system-defaults"}
1535295170354	addons.manager	DEBUG	Registering startup change 'installed' for onboarding@mozilla.org
1535295170354	addons.xpi	DEBUG	Loading bootstrap scope from C:\Program Files\Firefox Developer Edition\browser\features\onboarding@mozilla.org.xpi
1535295170357	addons.xpi	DEBUG	Calling bootstrap method install on onboarding@mozilla.org version 1.0
1535295170357	addons.xpi-utils	DEBUG	Make addon app-system-defaults:onboarding@mozilla.org visible
1535295170357	addons.xpi	DEBUG	Updating XPIState for {"id":"onboarding@mozilla.org","syncGUID":"{ce6adfe7-effe-419c-b48d-89236f2e7a87}","version":"1.0","type":"extension","defaultLocale":{"name":"Photon onboarding","description":"Photon onboarding"},"visible":true,"active":false,"userDisabled":false,"appDisabled":false,"installDate":1530546449137,"updateDate":1530546449137,"applyBackgroundUpdates":1,"path":"C:\\Program Files\\Firefox Developer Edition\\browser\\features\\onboarding@mozilla.org.xpi","skinnable":false,"sourceURI":null,"releaseNotesURI":null,"softDisabled":false,"foreignInstall":false,"strictCompatibility":false,"locales":[],"targetApplications":[{"id":"{ec8030f7-c20a-464f-9b0e-13a3a9e97384}","minVersion":"62.0","maxVersion":"62.*"}],"targetPlatforms":[],"seen":true,"dependencies":[],"hasEmbeddedWebExtension":false,"userPermissions":null,"icons":{},"blocklistState":0,"blocklistURL":null,"startupData":null,"location":"app-system-defaults"}
1535295170357	addons.manager	DEBUG	Registering startup change 'installed' for screenshots@mozilla.org
1535295170357	addons.xpi	DEBUG	Loading bootstrap scope from C:\Program Files\Firefox Developer Edition\browser\features\screenshots@mozilla.org.xpi
1535295170359	addons.xpi	DEBUG	Calling bootstrap method install on screenshots@mozilla.org version 33.0.0
1535295170359	addons.xpi-utils	DEBUG	Make addon app-system-defaults:screenshots@mozilla.org visible
1535295170360	addons.xpi	DEBUG	Updating XPIState for {"id":"screenshots@mozilla.org","syncGUID":"{cccdfe2c-e675-49a2-875f-d1e710980391}","version":"33.0.0","type":"extension","defaultLocale":{"name":"Firefox Screenshots","homepageURL":"https://screenshots.firefox.com/"},"visible":true,"active":false,"userDisabled":false,"appDisabled":false,"installDate":1530546448840,"updateDate":1530546448840,"applyBackgroundUpdates":1,"path":"C:\\Program Files\\Firefox Developer Edition\\browser\\features\\screenshots@mozilla.org.xpi","skinnable":false,"sourceURI":null,"releaseNotesURI":null,"softDisabled":false,"foreignInstall":false,"strictCompatibility":false,"locales":[],"targetApplications":[{"id":"{ec8030f7-c20a-464f-9b0e-13a3a9e97384}","minVersion":"57.0a1","maxVersion":"*"}],"targetPlatforms":[],"seen":true,"dependencies":[],"hasEmbeddedWebExtension":false,"userPermissions":null,"icons":{},"blocklistState":0,"blocklistURL":null,"startupData":null,"location":"app-system-defaults"}
1535295170360	addons.manager	DEBUG	Registering startup change 'installed' for webcompat-reporter@mozilla.org
1535295170360	addons.xpi	DEBUG	Loading bootstrap scope from C:\Program Files\Firefox Developer Edition\browser\features\webcompat-reporter@mozilla.org.xpi
1535295170361	addons.xpi	DEBUG	Calling bootstrap method install on webcompat-reporter@mozilla.org version 1.0.0
1535295170361	addons.xpi-utils	DEBUG	Make addon app-system-defaults:webcompat-reporter@mozilla.org visible
1535295170361	addons.xpi	DEBUG	Updating XPIState for {"id":"webcompat-reporter@mozilla.org","syncGUID":"{bbcc4949-0c26-4735-8f99-afa7c12c994c}","version":"1.0.0","type":"extension","defaultLocale":{"name":"WebCompat Reporter","description":"Report site compatibility issues on webcompat.com."},"visible":true,"active":false,"userDisabled":false,"appDisabled":false,"installDate":1530546448345,"updateDate":1530546448345,"applyBackgroundUpdates":1,"path":"C:\\Program Files\\Firefox Developer Edition\\browser\\features\\webcompat-reporter@mozilla.org.xpi","skinnable":false,"sourceURI":null,"releaseNotesURI":null,"softDisabled":false,"foreignInstall":false,"strictCompatibility":false,"locales":[],"targetApplications":[{"id":"{ec8030f7-c20a-464f-9b0e-13a3a9e97384}","minVersion":"62.0","maxVersion":"62.*"}],"targetPlatforms":[],"seen":true,"dependencies":[],"hasEmbeddedWebExtension":false,"userPermissions":null,"icons":{},"blocklistState":0,"blocklistURL":null,"startupData":null,"location":"app-system-defaults"}
1535295170361	addons.manager	DEBUG	Registering startup change 'installed' for webcompat@mozilla.org
1535295170361	addons.xpi	DEBUG	Loading bootstrap scope from C:\Program Files\Firefox Developer Edition\browser\features\webcompat@mozilla.org.xpi
1535295170363	addons.xpi	DEBUG	Calling bootstrap method install on webcompat@mozilla.org version 2.0
1535295170363	addons.xpi-utils	DEBUG	Make addon app-system-defaults:webcompat@mozilla.org visible
1535295170363	addons.xpi	DEBUG	Updating XPIState for {"id":"webcompat@mozilla.org","syncGUID":"{28fd28ed-8c08-4997-a677-21848b19a558}","version":"2.0","type":"extension","defaultLocale":{"name":"Web Compat","description":"Urgent post-release fixes for web compatibility."},"visible":true,"active":false,"userDisabled":false,"appDisabled":false,"installDate":1530546448245,"updateDate":1530546448245,"applyBackgroundUpdates":1,"path":"C:\\Program Files\\Firefox Developer Edition\\browser\\features\\webcompat@mozilla.org.xpi","skinnable":false,"sourceURI":null,"releaseNotesURI":null,"softDisabled":false,"foreignInstall":false,"strictCompatibility":false,"locales":[],"targetApplications":[{"id":"{ec8030f7-c20a-464f-9b0e-13a3a9e97384}","minVersion":"62.0","maxVersion":"62.*"},{"id":"{aa3c5121-dab2-40e2-81ca-7ea25febc110}","minVersion":"62.0","maxVersion":"62.*"}],"targetPlatforms":[],"seen":true,"dependencies":[],"hasEmbeddedWebExtension":true,"userPermissions":null,"icons":{},"blocklistState":0,"blocklistURL":null,"startupData":null,"location":"app-system-defaults"}
1535295170363	addons.xpi	DEBUG	Updating XPIState for {"id":"activity-stream@mozilla.org","syncGUID":"{981c9faa-23a8-4c63-b685-d22845c052a0}","version":"2018.08.15.1369-9a1307e4","type":"extension","defaultLocale":{"name":"Activity Stream","description":"A rich visual history feed and a reimagined home page make it easier than ever to find exactly what you're looking for in Firefox."},"visible":true,"active":true,"userDisabled":false,"appDisabled":false,"installDate":1534918240061,"updateDate":1534918240061,"applyBackgroundUpdates":1,"path":"C:\\Program Files\\Firefox Developer Edition\\browser\\features\\activity-stream@mozilla.org.xpi","skinnable":false,"sourceURI":null,"releaseNotesURI":null,"softDisabled":false,"foreignInstall":false,"strictCompatibility":false,"locales":[],"targetApplications":[{"id":"{ec8030f7-c20a-464f-9b0e-13a3a9e97384}","minVersion":"62.0","maxVersion":"62.*"}],"targetPlatforms":[],"seen":true,"dependencies":[],"hasEmbeddedWebExtension":false,"userPermissions":null,"icons":{},"blocklistState":0,"blocklistURL":null,"startupData":null,"location":"app-system-defaults"}
1535295170363	addons.xpi	DEBUG	Updating XPIState for {"id":"aushelper@mozilla.org","syncGUID":"{754b6155-760f-4cf1-995b-b8fc3f96b923}","version":"2.0","type":"extension","defaultLocale":{"name":"Application Update Service Helper","description":"Sets value(s) in the update url based on custom checks."},"visible":true,"active":true,"userDisabled":false,"appDisabled":false,"installDate":1530546450181,"updateDate":1530546450181,"applyBackgroundUpdates":1,"path":"C:\\Program Files\\Firefox Developer Edition\\browser\\features\\aushelper@mozilla.org.xpi","skinnable":false,"sourceURI":null,"releaseNotesURI":null,"softDisabled":false,"foreignInstall":false,"strictCompatibility":false,"locales":[],"targetApplications":[{"id":"{ec8030f7-c20a-464f-9b0e-13a3a9e97384}","minVersion":"62.0","maxVersion":"62.*"}],"targetPlatforms":[],"seen":true,"dependencies":[],"hasEmbeddedWebExtension":false,"userPermissions":null,"icons":{},"blocklistState":0,"blocklistURL":null,"startupData":null,"location":"app-system-defaults"}
1535295170364	addons.xpi	DEBUG	Updating XPIState for {"id":"firefox@getpocket.com","syncGUID":"{1818e843-0d49-493d-81c6-a978d2cbbaa1}","version":"1.0.5","type":"extension","defaultLocale":{"name":"Pocket","description":"When you find something you want to view later, put it in Pocket."},"visible":true,"active":true,"userDisabled":false,"appDisabled":false,"installDate":1530546449985,"updateDate":1530546449985,"applyBackgroundUpdates":1,"path":"C:\\Program Files\\Firefox Developer Edition\\browser\\features\\firefox@getpocket.com.xpi","skinnable":false,"sourceURI":null,"releaseNotesURI":null,"softDisabled":false,"foreignInstall":false,"strictCompatibility":false,"locales":[],"targetApplications":[{"id":"{ec8030f7-c20a-464f-9b0e-13a3a9e97384}","minVersion":"62.0","maxVersion":"62.*"}],"targetPlatforms":[],"seen":true,"dependencies":[],"hasEmbeddedWebExtension":false,"userPermissions":null,"icons":{},"blocklistState":0,"blocklistURL":null,"startupData":null,"location":"app-system-defaults"}
1535295170364	addons.xpi	DEBUG	Updating XPIState for {"id":"formautofill@mozilla.org","syncGUID":"{5f54a14c-dc56-4a61-9478-fbf31a790227}","version":"1.0","type":"extension","defaultLocale":{"name":"Form Autofill","description":"Autofill forms with saved profiles"},"visible":true,"active":true,"userDisabled":false,"appDisabled":false,"installDate":1530546449616,"updateDate":1530546449616,"applyBackgroundUpdates":1,"path":"C:\\Program Files\\Firefox Developer Edition\\browser\\features\\formautofill@mozilla.org.xpi","skinnable":false,"sourceURI":null,"releaseNotesURI":null,"softDisabled":false,"foreignInstall":false,"strictCompatibility":false,"locales":[],"targetApplications":[{"id":"{ec8030f7-c20a-464f-9b0e-13a3a9e97384}","minVersion":"62.0","maxVersion":"62.*"}],"targetPlatforms":[],"seen":true,"dependencies":[],"hasEmbeddedWebExtension":false,"userPermissions":null,"icons":{},"blocklistState":0,"blocklistURL":null,"startupData":null,"location":"app-system-defaults"}
1535295170364	addons.xpi	DEBUG	Updating XPIState for {"id":"onboarding@mozilla.org","syncGUID":"{ce6adfe7-effe-419c-b48d-89236f2e7a87}","version":"1.0","type":"extension","defaultLocale":{"name":"Photon onboarding","description":"Photon onboarding"},"visible":true,"active":true,"userDisabled":false,"appDisabled":false,"installDate":1530546449137,"updateDate":1530546449137,"applyBackgroundUpdates":1,"path":"C:\\Program Files\\Firefox Developer Edition\\browser\\features\\onboarding@mozilla.org.xpi","skinnable":false,"sourceURI":null,"releaseNotesURI":null,"softDisabled":false,"foreignInstall":false,"strictCompatibility":false,"locales":[],"targetApplications":[{"id":"{ec8030f7-c20a-464f-9b0e-13a3a9e97384}","minVersion":"62.0","maxVersion":"62.*"}],"targetPlatforms":[],"seen":true,"dependencies":[],"hasEmbeddedWebExtension":false,"userPermissions":null,"icons":{},"blocklistState":0,"blocklistURL":null,"startupData":null,"location":"app-system-defaults"}
1535295170364	addons.xpi	DEBUG	Updating XPIState for {"id":"screenshots@mozilla.org","syncGUID":"{cccdfe2c-e675-49a2-875f-d1e710980391}","version":"33.0.0","type":"extension","defaultLocale":{"name":"Firefox Screenshots","homepageURL":"https://screenshots.firefox.com/"},"visible":true,"active":true,"userDisabled":false,"appDisabled":false,"installDate":1530546448840,"updateDate":1530546448840,"applyBackgroundUpdates":1,"path":"C:\\Program Files\\Firefox Developer Edition\\browser\\features\\screenshots@mozilla.org.xpi","skinnable":false,"sourceURI":null,"releaseNotesURI":null,"softDisabled":false,"foreignInstall":false,"strictCompatibility":false,"locales":[],"targetApplications":[{"id":"{ec8030f7-c20a-464f-9b0e-13a3a9e97384}","minVersion":"57.0a1","maxVersion":"*"}],"targetPlatforms":[],"seen":true,"dependencies":[],"hasEmbeddedWebExtension":false,"userPermissions":null,"icons":{},"blocklistState":0,"blocklistURL":null,"startupData":null,"location":"app-system-defaults"}
1535295170364	addons.xpi	DEBUG	Updating XPIState for {"id":"webcompat-reporter@mozilla.org","syncGUID":"{bbcc4949-0c26-4735-8f99-afa7c12c994c}","version":"1.0.0","type":"extension","defaultLocale":{"name":"WebCompat Reporter","description":"Report site compatibility issues on webcompat.com."},"visible":true,"active":true,"userDisabled":false,"appDisabled":false,"installDate":1530546448345,"updateDate":1530546448345,"applyBackgroundUpdates":1,"path":"C:\\Program Files\\Firefox Developer Edition\\browser\\features\\webcompat-reporter@mozilla.org.xpi","skinnable":false,"sourceURI":null,"releaseNotesURI":null,"softDisabled":false,"foreignInstall":false,"strictCompatibility":false,"locales":[],"targetApplications":[{"id":"{ec8030f7-c20a-464f-9b0e-13a3a9e97384}","minVersion":"62.0","maxVersion":"62.*"}],"targetPlatforms":[],"seen":true,"dependencies":[],"hasEmbeddedWebExtension":false,"userPermissions":null,"icons":{},"blocklistState":0,"blocklistURL":null,"startupData":null,"location":"app-system-defaults"}
1535295170364	addons.xpi	DEBUG	Updating XPIState for {"id":"webcompat@mozilla.org","syncGUID":"{28fd28ed-8c08-4997-a677-21848b19a558}","version":"2.0","type":"extension","defaultLocale":{"name":"Web Compat","description":"Urgent post-release fixes for web compatibility."},"visible":true,"active":true,"userDisabled":false,"appDisabled":false,"installDate":1530546448245,"updateDate":1530546448245,"applyBackgroundUpdates":1,"path":"C:\\Program Files\\Firefox Developer Edition\\browser\\features\\webcompat@mozilla.org.xpi","skinnable":false,"sourceURI":null,"releaseNotesURI":null,"softDisabled":false,"foreignInstall":false,"strictCompatibility":false,"locales":[],"targetApplications":[{"id":"{ec8030f7-c20a-464f-9b0e-13a3a9e97384}","minVersion":"62.0","maxVersion":"62.*"},{"id":"{aa3c5121-dab2-40e2-81ca-7ea25febc110}","minVersion":"62.0","maxVersion":"62.*"}],"targetPlatforms":[],"seen":true,"dependencies":[],"hasEmbeddedWebExtension":true,"userPermissions":null,"icons":{},"blocklistState":0,"blocklistURL":null,"startupData":null,"location":"app-system-defaults"}
1535295170364	addons.xpi-utils	DEBUG	Updating add-on states
1535295170368	addons.xpi	DEBUG	Registering manifest for C:\Program Files\Firefox Developer Edition\browser\features\activity-stream@mozilla.org.xpi
1535295170368	addons.xpi	DEBUG	Calling bootstrap method startup on activity-stream@mozilla.org version 2018.08.15.1369-9a1307e4
1535295170369	addons.xpi	DEBUG	Registering manifest for C:\Program Files\Firefox Developer Edition\browser\features\aushelper@mozilla.org.xpi
1535295170369	addons.xpi	DEBUG	Calling bootstrap method startup on aushelper@mozilla.org version 2.0
1535295170370	addons.xpi	DEBUG	Registering manifest for C:\Program Files\Firefox Developer Edition\browser\features\firefox@getpocket.com.xpi
1535295170370	addons.xpi	DEBUG	Calling bootstrap method startup on firefox@getpocket.com version 1.0.5
1535295170376	addons.xpi	DEBUG	Registering manifest for C:\Program Files\Firefox Developer Edition\browser\features\formautofill@mozilla.org.xpi
1535295170376	addons.xpi	DEBUG	Calling bootstrap method startup on formautofill@mozilla.org version 1.0
1535295170377	addons.xpi	DEBUG	Registering manifest for C:\Program Files\Firefox Developer Edition\browser\features\onboarding@mozilla.org.xpi
1535295170377	addons.xpi	DEBUG	Calling bootstrap method startup on onboarding@mozilla.org version 1.0
1535295170377	addons.xpi	DEBUG	Registering manifest for C:\Program Files\Firefox Developer Edition\browser\features\screenshots@mozilla.org.xpi
1535295170378	addons.xpi	DEBUG	Calling bootstrap method startup on screenshots@mozilla.org version 33.0.0
1535295170378	addons.xpi	DEBUG	Registering manifest for C:\Program Files\Firefox Developer Edition\browser\features\webcompat-reporter@mozilla.org.xpi
1535295170378	addons.xpi	DEBUG	Calling bootstrap method startup on webcompat-reporter@mozilla.org version 1.0.0
1535295170378	addons.xpi	DEBUG	Registering manifest for C:\Program Files\Firefox Developer Edition\browser\features\webcompat@mozilla.org.xpi
1535295170379	addons.xpi	DEBUG	Calling bootstrap method startup on webcompat@mozilla.org version 2.0
1535295170381	addons.manager	DEBUG	Registering shutdown blocker for XPIProvider
1535295170382	addons.manager	DEBUG	Provider finished startup: XPIProvider
1535295170382	addons.manager	DEBUG	Starting provider: LightweightThemeManager
1535295170382	addons.manager	DEBUG	Registering shutdown blocker for LightweightThemeManager
1535295170382	addons.manager	DEBUG	Provider finished startup: LightweightThemeManager
1535295170382	addons.manager	DEBUG	Starting provider: GMPProvider
1535295170384	addons.manager	DEBUG	Registering shutdown blocker for GMPProvider
1535295170384	addons.manager	DEBUG	Provider finished startup: GMPProvider
1535295170385	addons.manager	DEBUG	Starting provider: PluginProvider
1535295170385	addons.manager	DEBUG	Registering shutdown blocker for PluginProvider
1535295170385	addons.manager	DEBUG	Provider finished startup: PluginProvider
1535295170385	addons.manager	DEBUG	Completed startup sequence
1535295172442	addons.xpi	DEBUG	Existing add-on activity-stream@mozilla.org in app-system-defaults
1535295172443	addons.xpi	DEBUG	Existing add-on aushelper@mozilla.org in app-system-defaults
1535295172443	addons.xpi	DEBUG	Existing add-on firefox@getpocket.com in app-system-defaults
1535295172443	addons.xpi	DEBUG	Existing add-on formautofill@mozilla.org in app-system-defaults
1535295172443	addons.xpi	DEBUG	Existing add-on onboarding@mozilla.org in app-system-defaults
1535295172443	addons.xpi	DEBUG	Existing add-on screenshots@mozilla.org in app-system-defaults
1535295172443	addons.xpi	DEBUG	Existing add-on webcompat-reporter@mozilla.org in app-system-defaults
1535295172443	addons.xpi	DEBUG	Existing add-on webcompat@mozilla.org in app-system-defaults
1535295172443	addons.xpi	DEBUG	scanForChanges changed: false, state: {}
1535295172545	Marionette	INFO	Listening on port 61445
1535295172699	Marionette	WARN	TLS certificate errors will be ignored for this session
1535295172744	Marionette	DEBUG	[6442450945] Frame script loaded
1535295172746	Marionette	DEBUG	[6442450945] Frame script registered
1535295172765	Marionette	DEBUG	[6442450945] Received DOM event beforeunload for about:blank
1535295172767	Marionette	DEBUG	[6442450945] Received DOM event pagehide for about:blank
1535295172770	Marionette	DEBUG	[6442450945] Received DOM event DOMContentLoaded for about:blank
1535295172784	Marionette	DEBUG	[6442450945] Received DOM event pageshow for about:blank
1535295172796	Marionette	DEBUG	[6442450945] Received DOM event beforeunload for about:blank
1535295173805	Marionette	DEBUG	[6442450945] Received DOM event pagehide for about:blank
1535295174742	Marionette	DEBUG	[6442450945] Received DOM event DOMContentLoaded for https://www.amazon.com/
1535295175742	Marionette	DEBUG	[6442450945] Received DOM event pageshow for https://www.amazon.com/
1535295175844	Marionette	DEBUG	[6442450945] Received DOM event beforeunload for https://www.amazon.com/
1535295176225	Marionette	DEBUG	[6442450945] Received DOM event pagehide for https://www.amazon.com/
1535295176225	Marionette	DEBUG	[6442450945] Received DOM event unload for https://www.amazon.com/
1535295176877	Marionette	DEBUG	[6442450945] Received observer notification outer-window-destroyed for 6442450950
1535295176994	Marionette	DEBUG	[6442450945] Received DOM event DOMContentLoaded for https://www.amazon.com/s?url=search-alias%3Daps&field-keywords=Ferrari+450
1535295177172	Marionette	DEBUG	[6442450945] Received DOM event pageshow for https://www.amazon.com/s?url=search-alias%3Daps&field-keywords=Ferrari+450
1535295177181	Marionette	INFO	Stopped listening on port 61445
1535295177208	addons.xpi	DEBUG	Calling bootstrap method shutdown on webcompat@mozilla.org version 2.0
1535295177208	addons.xpi	DEBUG	Calling bootstrap method shutdown on webcompat-reporter@mozilla.org version 1.0.0
1535295177209	addons.xpi	DEBUG	Calling bootstrap method shutdown on screenshots@mozilla.org version 33.0.0
1535295177214	addons.xpi	DEBUG	Calling bootstrap method shutdown on onboarding@mozilla.org version 1.0
1535295177214	addons.xpi	DEBUG	Calling bootstrap method shutdown on formautofill@mozilla.org version 1.0
1535295177215	addons.xpi	DEBUG	Calling bootstrap method shutdown on firefox@getpocket.com version 1.0.5
1535295177215	addons.xpi	DEBUG	Calling bootstrap method shutdown on aushelper@mozilla.org version 2.0
1535295177215	addons.xpi	DEBUG	Calling bootstrap method shutdown on activity-stream@mozilla.org version 2018.08.15.1369-9a1307e4
[Parent 13516, Gecko_IOThread] WARNING: pipe error: 109: file z:/build/build/src/ipc/chromium/src/chrome/common/ipc_channel_win.cc, line 346
[Child 4760, Chrome_ChildThread] WARNING: pipe error: 109: file z:/build/build/src/ipc/chromium/src/chrome/common/ipc_channel_win.cc, line 346
[Child 4760, C[Child 3412, Chrome_ChildThread] WARNING: pipe error: 109: file z:/build/build/src/ipc/chromium/src/chrome/common/ipc_channel_win.cc, line 346
[Child 3412, Chr[Parent 13516, Gecko_IOThread] WARNING: pipe error: 109: file z:/build/build/src/ipc/chromium/src/chrome/common/ipc_channel_win.cc, line 346
[Child 7416, Chrome_ChildThread] WARNING: pipe error: 109: file z:/build/build/src/ipc/chromium/src/chrome/common/ipc_channel_win.cc, line 346
[Child 7416, Chr1535295177390	addons.manager	DEBUG	shutdown
1535295177390	addons.manager	DEBUG	Calling shutdown blocker for XPIProvider
1535295177390	addons.xpi	DEBUG	shutdown
1535295177390	addons.xpi-utils	DEBUG	shutdown
1535295177390	addons.manager	DEBUG	Calling shutdown blocker for LightweightThemeManager
1535295177391	addons.manager	DEBUG	Calling shutdown blocker for GMPProvider
1535295177391	addons.manager	DEBUG	Calling shutdown blocker for PluginProvider
1535295177396	addons.manager	DEBUG	Async provider shutdown done
[GPU 2864
###!!! [Child][MessageChannel::SendAndWait] Error: Channel error: cannot send/recv

